[35m[Appium][39m Welcome to Appium v1.22.3
[35m[Appium][39m Non-default server args:
[35m[Appium][39m   port: 61139
[35m[Appium][39m   loglevel: info
[35m[Appium][39m   tmpDir: /var/folders/s3/h4xd2hj51pj3hccczmrrjz800000gn/T//Katalon/Appium/Temp1691781508803
[35m[Appium][39m   chromedriverPort: 61140
[35m[Appium][39m Deprecated server args:
[35m[Appium][39m   [31m--chromedriver-port[39m => --default-capabilities
[35m[Appium][39m Default capabilities, which will be added to each request unless overridden by desired capabilities:
[35m[Appium][39m   chromedriverPort: 61140
[35m[Appium][39m Appium REST http interface listener started on 0.0.0.0:61139
[35m[HTTP][39m [37m-->[39m [37mGET[39m [37m/wd/hub/status[39m
[35m[HTTP][39m [90m{}[39m
[35m[HTTP][39m [37m<-- GET /wd/hub/status [39m[32m200[39m [90m7 ms - 68[39m
[35m[HTTP][39m [90m[39m
[35m[HTTP][39m [37m-->[39m [37mPOST[39m [37m/wd/hub/session[39m
[35m[HTTP][39m [90m{"desiredCapabilities":{"app":"/Users/riyan/Desktop/katalon_android/EduApp/mobileapp/app-pendaki.apk","noReset":false,"deviceName":"emulator-5554 (Android SDK built for x86 - Android 7.0)","fullReset":true,"platform":"ANDROID","newCommandTimeout":1800,"platformVersion":"7.0","automationName":"uiautomator2","autoGrantPermissions":true,"platformName":"Android","udid":"emulator-5554","systemPort":61138},"capabilities":{"firstMatch":[{"appium:app":"/Users/riyan/Desktop/katalon_android/EduApp/mobileapp/app-pendaki.apk","appium:autoGrantPermissions":true,"appium:automationName":"uiautomator2","appium:deviceName":"emulator-5554 (Android SDK built for x86 - Android 7.0)","appium:fullReset":true,"appium:newCommandTimeout":1800,"appium:noReset":false,"platform":"ANDROID","platformName":"android","appium:platformVersion":"7.0","appium:systemPort":61138,"appium:udid":"emulator-5554"}]}}[39m
[35m[BaseDriver][39m The following capabilities are not standard capabilities and should have an extension prefix:
[35m[BaseDriver][39m   platform
[35m[BaseDriver][39m   chromedriverPort
[35m[Appium][39m Appium v1.22.3 creating new AndroidUiautomator2Driver (v1.70.1) session
[35m[BaseDriver][39m The following capabilities were provided, but are not recognized by Appium:
[35m[BaseDriver][39m   platform
[35m[BaseDriver][39m Session created with session id: 1caa06d7-7052-4d27-8f10-b0a390615e0d
[35m[BaseDriver][39m Using local app '/Users/riyan/Desktop/katalon_android/EduApp/mobileapp/app-pendaki.apk'
[35m[ADB][39m Found 1 'build-tools' folders under '/Users/riyan/.katalon/tools/android_sdk' (newest first):
[35m[ADB][39m     /Users/riyan/.katalon/tools/android_sdk/build-tools/29.0.3
[35m[ADB][39m Using 'adb' from '/Users/riyan/.katalon/tools/android_sdk/platform-tools/adb'
[35m[AndroidDriver][39m Retrieving device list
[35m[AndroidDriver][39m Using device: emulator-5554
[35m[ADB][39m Using 'adb' from '/Users/riyan/.katalon/tools/android_sdk/platform-tools/adb'
[35m[ADB][39m Package name: 'com.wahidari.pendaki'
[35m[ADB][39m Main activity name: 'com.wahidari.pendaki.MainActivity'
[35m[ADB][39m Using 'apksigner.jar' from '/Users/riyan/.katalon/tools/android_sdk/build-tools/29.0.3/lib/apksigner.jar'
[35m[ADB][39m '/usr/local/lib/node_modules/appium/node_modules/appium-uiautomator2-server/apks/appium-uiautomator2-server-v4.27.0.apk' is signed with the default certificate
[35m[ADB][39m '/usr/local/lib/node_modules/appium/node_modules/appium-uiautomator2-server/apks/appium-uiautomator2-server-debug-androidTest.apk' is signed with the default certificate
[35m[UiAutomator2][39m Server packages are not going to be (re)installed
[35m[ADB][39m Adding packages ["io.appium.settings","io.appium.uiautomator2.server","io.appium.uiautomator2.server.test"] to Doze whitelist
[35m[ADB][39m '/Users/riyan/Desktop/katalon_android/EduApp/mobileapp/app-pendaki.apk' is signed with a non-default certificate
[35m[ADB][39m com.wahidari.pendaki was not uninstalled, because it was not present on the device
[35m[ADB][39m The application at '/Users/riyan/Desktop/katalon_android/EduApp/mobileapp/app-pendaki.apk' will not be cached, because the device under test has confirmed the support of streamed installs
[35m[ADB][39m The installation of 'app-pendaki.apk' took 7692ms
[35m[UiAutomator2][39m Starting UIAutomator2 server 4.27.0
[35m[UiAutomator2][39m Using UIAutomator2 server from '/usr/local/lib/node_modules/appium/node_modules/appium-uiautomator2-server/apks/appium-uiautomator2-server-v4.27.0.apk' and test from '/usr/local/lib/node_modules/appium/node_modules/appium-uiautomator2-server/apks/appium-uiautomator2-server-debug-androidTest.apk'
[35m[UiAutomator2][39m Waiting up to 30000ms for UiAutomator2 to be online...
[35m[WD Proxy][39m socket hang up
[35m[WD Proxy][39m socket hang up
[35m[WD Proxy][39m Determined the downstream protocol as 'W3C'
[35m[AndroidDriver][39m Screen already unlocked, doing nothing
[35m[UiAutomator2][39m Starting 'com.wahidari.pendaki/com.wahidari.pendaki.MainActivity and waiting for 'com.wahidari.pendaki/com.wahidari.pendaki.MainActivity'
[35m[Appium][39m New AndroidUiautomator2Driver session created successfully, session 1caa06d7-7052-4d27-8f10-b0a390615e0d added to master session list
[35m[HTTP][39m [37m<-- POST /wd/hub/session [39m[32m200[39m [90m17385 ms - 1345[39m
[35m[HTTP][39m [90m[39m
[35m[HTTP][39m [37m-->[39m [37mGET[39m [37m/wd/hub/session/1caa06d7-7052-4d27-8f10-b0a390615e0d[39m
[35m[HTTP][39m [90m{}[39m
[35m[HTTP][39m [37m<-- GET /wd/hub/session/1caa06d7-7052-4d27-8f10-b0a390615e0d [39m[32m200[39m [90m20 ms - 1299[39m
[35m[HTTP][39m [90m[39m
[35m[HTTP][39m [37m-->[39m [37mGET[39m [37m/wd/hub/session/1caa06d7-7052-4d27-8f10-b0a390615e0d[39m
[35m[HTTP][39m [90m{}[39m
[35m[HTTP][39m [37m<-- GET /wd/hub/session/1caa06d7-7052-4d27-8f10-b0a390615e0d [39m[32m200[39m [90m10 ms - 1299[39m
[35m[HTTP][39m [90m[39m
[35m[HTTP][39m [37m-->[39m [37mGET[39m [37m/wd/hub/status[39m
[35m[HTTP][39m [90m{}[39m
[35m[HTTP][39m [37m<-- GET /wd/hub/status [39m[32m200[39m [90m1 ms - 68[39m
[35m[HTTP][39m [90m[39m
[35m[HTTP][39m [37m-->[39m [37mPOST[39m [37m/wd/hub/session/1caa06d7-7052-4d27-8f10-b0a390615e0d/timeouts[39m
[35m[HTTP][39m [90m{"implicit":30000}[39m
[35m[HTTP][39m [37m<-- POST /wd/hub/session/1caa06d7-7052-4d27-8f10-b0a390615e0d/timeouts [39m[32m200[39m [90m4 ms - 14[39m
[35m[HTTP][39m [90m[39m
[35m[HTTP][39m [37m-->[39m [37mGET[39m [37m/wd/hub/session/1caa06d7-7052-4d27-8f10-b0a390615e0d/screenshot[39m
[35m[HTTP][39m [90m{}[39m
[35m[HTTP][39m [37m<-- GET /wd/hub/session/1caa06d7-7052-4d27-8f10-b0a390615e0d/screenshot [39m[32m200[39m [90m4268 ms - 4159392[39m
[35m[HTTP][39m [90m[39m
[35m[HTTP][39m [37m-->[39m [37mGET[39m [37m/wd/hub/session/1caa06d7-7052-4d27-8f10-b0a390615e0d/window/rect[39m
[35m[HTTP][39m [90m{}[39m
[35m[HTTP][39m [37m<-- GET /wd/hub/session/1caa06d7-7052-4d27-8f10-b0a390615e0d/window/rect [39m[32m200[39m [90m55 ms - 50[39m
[35m[HTTP][39m [90m[39m
[35m[HTTP][39m [37m-->[39m [37mGET[39m [37m/wd/hub/session/1caa06d7-7052-4d27-8f10-b0a390615e0d/appium/device/system_bars[39m
[35m[HTTP][39m [90m{}[39m
[35m[HTTP][39m [37m<-- GET /wd/hub/session/1caa06d7-7052-4d27-8f10-b0a390615e0d/appium/device/system_bars [39m[32m200[39m [90m69 ms - 151[39m
[35m[HTTP][39m [90m[39m
[35m[HTTP][39m [37m-->[39m [37mPOST[39m [37m/wd/hub/session/1caa06d7-7052-4d27-8f10-b0a390615e0d/timeouts[39m
[35m[HTTP][39m [90m{"implicit":50}[39m
[35m[HTTP][39m [37m<-- POST /wd/hub/session/1caa06d7-7052-4d27-8f10-b0a390615e0d/timeouts [39m[32m200[39m [90m3 ms - 14[39m
[35m[HTTP][39m [90m[39m
[35m[HTTP][39m [37m-->[39m [37mGET[39m [37m/wd/hub/session/1caa06d7-7052-4d27-8f10-b0a390615e0d/window/rect[39m
[35m[HTTP][39m [90m{}[39m
[35m[HTTP][39m [37m<-- GET /wd/hub/session/1caa06d7-7052-4d27-8f10-b0a390615e0d/window/rect [39m[32m200[39m [90m16 ms - 50[39m
[35m[HTTP][39m [90m[39m
[35m[HTTP][39m [37m-->[39m [37mPOST[39m [37m/wd/hub/session/1caa06d7-7052-4d27-8f10-b0a390615e0d/elements[39m
[35m[HTTP][39m [90m{"using":"xpath","value":"//*[@class = 'android.widget.ImageButton' and (@text = '' or . = '')]"}[39m
[35m[HTTP][39m [37m<-- POST /wd/hub/session/1caa06d7-7052-4d27-8f10-b0a390615e0d/elements [39m[32m200[39m [90m399 ms - 139[39m
[35m[HTTP][39m [90m[39m
[35m[HTTP][39m [37m-->[39m [37mGET[39m [37m/wd/hub/session/1caa06d7-7052-4d27-8f10-b0a390615e0d/element/00000000-0000-0044-7fff-ffff00000046/location[39m
[35m[HTTP][39m [90m{}[39m
[35m[W3C (1caa06d7)][39m Driver proxy active, passing request on via HTTP proxy
[35m[WD Proxy][39m Replacing sessionId 2ff9bf06-a9b4-49d2-9e42-4f618a2726aa with 1caa06d7-7052-4d27-8f10-b0a390615e0d
[35m[HTTP][39m [37m<-- GET /wd/hub/session/1caa06d7-7052-4d27-8f10-b0a390615e0d/element/00000000-0000-0044-7fff-ffff00000046/location [39m[32m200[39m [90m23 ms - 75[39m
[35m[HTTP][39m [90m[39m
[35m[HTTP][39m [37m-->[39m [37mPOST[39m [37m/wd/hub/session/1caa06d7-7052-4d27-8f10-b0a390615e0d/timeouts[39m
[35m[HTTP][39m [90m{"implicit":30000}[39m
[35m[HTTP][39m [37m<-- POST /wd/hub/session/1caa06d7-7052-4d27-8f10-b0a390615e0d/timeouts [39m[32m200[39m [90m2 ms - 14[39m
[35m[HTTP][39m [90m[39m
[35m[HTTP][39m [37m-->[39m [37mPOST[39m [37m/wd/hub/session/1caa06d7-7052-4d27-8f10-b0a390615e0d/element/00000000-0000-0044-7fff-ffff00000046/click[39m
[35m[HTTP][39m [90m{"id":"00000000-0000-0044-7fff-ffff00000046"}[39m
[35m[HTTP][39m [37m<-- POST /wd/hub/session/1caa06d7-7052-4d27-8f10-b0a390615e0d/element/00000000-0000-0044-7fff-ffff00000046/click [39m[32m200[39m [90m21 ms - 14[39m
[35m[HTTP][39m [90m[39m
[35m[HTTP][39m [37m-->[39m [37mPOST[39m [37m/wd/hub/session/1caa06d7-7052-4d27-8f10-b0a390615e0d/timeouts[39m
[35m[HTTP][39m [90m{"implicit":50}[39m
[35m[HTTP][39m [37m<-- POST /wd/hub/session/1caa06d7-7052-4d27-8f10-b0a390615e0d/timeouts [39m[32m200[39m [90m2 ms - 14[39m
[35m[HTTP][39m [90m[39m
[35m[HTTP][39m [37m-->[39m [37mGET[39m [37m/wd/hub/session/1caa06d7-7052-4d27-8f10-b0a390615e0d/window/rect[39m
[35m[HTTP][39m [90m{}[39m
[35m[HTTP][39m [37m<-- GET /wd/hub/session/1caa06d7-7052-4d27-8f10-b0a390615e0d/window/rect [39m[32m200[39m [90m54 ms - 50[39m
[35m[HTTP][39m [90m[39m
[35m[HTTP][39m [37m-->[39m [37mPOST[39m [37m/wd/hub/session/1caa06d7-7052-4d27-8f10-b0a390615e0d/elements[39m
[35m[HTTP][39m [90m{"using":"xpath","value":"//*[@class = 'android.widget.CheckedTextView' and (@text = 'Peralatan' or . = 'Peralatan') and @resource-id = 'com.wahidari.pendaki:id/design_menu_item_text']"}[39m
[35m[HTTP][39m [37m<-- POST /wd/hub/session/1caa06d7-7052-4d27-8f10-b0a390615e0d/elements [39m[32m200[39m [90m702 ms - 139[39m
[35m[HTTP][39m [90m[39m
[35m[HTTP][39m [37m-->[39m [37mGET[39m [37m/wd/hub/session/1caa06d7-7052-4d27-8f10-b0a390615e0d/element/00000000-0000-0044-7fff-ffff00000071/location[39m
[35m[HTTP][39m [90m{}[39m
[35m[W3C (1caa06d7)][39m Driver proxy active, passing request on via HTTP proxy
[35m[WD Proxy][39m Replacing sessionId 2ff9bf06-a9b4-49d2-9e42-4f618a2726aa with 1caa06d7-7052-4d27-8f10-b0a390615e0d
[35m[HTTP][39m [37m<-- GET /wd/hub/session/1caa06d7-7052-4d27-8f10-b0a390615e0d/element/00000000-0000-0044-7fff-ffff00000071/location [39m[32m200[39m [90m163 ms - 77[39m
[35m[HTTP][39m [90m[39m
[35m[HTTP][39m [37m-->[39m [37mPOST[39m [37m/wd/hub/session/1caa06d7-7052-4d27-8f10-b0a390615e0d/timeouts[39m
[35m[HTTP][39m [90m{"implicit":30000}[39m
[35m[HTTP][39m [37m<-- POST /wd/hub/session/1caa06d7-7052-4d27-8f10-b0a390615e0d/timeouts [39m[32m200[39m [90m2 ms - 14[39m
[35m[HTTP][39m [90m[39m
[35m[HTTP][39m [37m-->[39m [37mPOST[39m [37m/wd/hub/session/1caa06d7-7052-4d27-8f10-b0a390615e0d/element/00000000-0000-0044-7fff-ffff00000071/click[39m
[35m[HTTP][39m [90m{"id":"00000000-0000-0044-7fff-ffff00000071"}[39m
[35m[HTTP][39m [37m<-- POST /wd/hub/session/1caa06d7-7052-4d27-8f10-b0a390615e0d/element/00000000-0000-0044-7fff-ffff00000071/click [39m[32m200[39m [90m20 ms - 14[39m
[35m[HTTP][39m [90m[39m
[35m[HTTP][39m [37m-->[39m [37mPOST[39m [37m/wd/hub/session/1caa06d7-7052-4d27-8f10-b0a390615e0d/timeouts[39m
[35m[HTTP][39m [90m{"implicit":50}[39m
[35m[HTTP][39m [37m<-- POST /wd/hub/session/1caa06d7-7052-4d27-8f10-b0a390615e0d/timeouts [39m[32m200[39m [90m2 ms - 14[39m
[35m[HTTP][39m [90m[39m
[35m[HTTP][39m [37m-->[39m [37mGET[39m [37m/wd/hub/session/1caa06d7-7052-4d27-8f10-b0a390615e0d/window/rect[39m
[35m[HTTP][39m [90m{}[39m
[35m[HTTP][39m [37m<-- GET /wd/hub/session/1caa06d7-7052-4d27-8f10-b0a390615e0d/window/rect [39m[32m200[39m [90m11 ms - 50[39m
[35m[HTTP][39m [90m[39m
[35m[HTTP][39m [37m-->[39m [37mPOST[39m [37m/wd/hub/session/1caa06d7-7052-4d27-8f10-b0a390615e0d/elements[39m
[35m[HTTP][39m [90m{"using":"xpath","value":"//hierarchy/android.widget.FrameLayout[1]/android.widget.LinearLayout[1]/android.widget.FrameLayout[1]/android.widget.LinearLayout[1]/android.widget.FrameLayout[1]/android.support.v4.widget.DrawerLayout[1]/android.view.ViewGroup[1]/android.support.v4.view.ViewPager[1]/android.support.v7.widget.RecyclerView[1]/android.widget.LinearLayout[1]/android.widget.FrameLayout[1]/android.widget.RelativeLayout[1]"}[39m
[35m[HTTP][39m [37m<-- POST /wd/hub/session/1caa06d7-7052-4d27-8f10-b0a390615e0d/elements [39m[32m200[39m [90m106 ms - 139[39m
[35m[HTTP][39m [90m[39m
[35m[HTTP][39m [37m-->[39m [37mGET[39m [37m/wd/hub/session/1caa06d7-7052-4d27-8f10-b0a390615e0d/element/00000000-0000-0045-7fff-ffff00000101/location[39m
[35m[HTTP][39m [90m{}[39m
[35m[W3C (1caa06d7)][39m Driver proxy active, passing request on via HTTP proxy
[35m[WD Proxy][39m Replacing sessionId 2ff9bf06-a9b4-49d2-9e42-4f618a2726aa with 1caa06d7-7052-4d27-8f10-b0a390615e0d
[35m[HTTP][39m [37m<-- GET /wd/hub/session/1caa06d7-7052-4d27-8f10-b0a390615e0d/element/00000000-0000-0045-7fff-ffff00000101/location [39m[32m200[39m [90m14 ms - 77[39m
[35m[HTTP][39m [90m[39m
[35m[HTTP][39m [37m-->[39m [37mPOST[39m [37m/wd/hub/session/1caa06d7-7052-4d27-8f10-b0a390615e0d/timeouts[39m
[35m[HTTP][39m [90m{"implicit":30000}[39m
[35m[HTTP][39m [37m<-- POST /wd/hub/session/1caa06d7-7052-4d27-8f10-b0a390615e0d/timeouts [39m[32m200[39m [90m2 ms - 14[39m
[35m[HTTP][39m [90m[39m
[35m[HTTP][39m [37m-->[39m [37mPOST[39m [37m/wd/hub/session/1caa06d7-7052-4d27-8f10-b0a390615e0d/element/00000000-0000-0045-7fff-ffff00000101/click[39m
[35m[HTTP][39m [90m{"id":"00000000-0000-0045-7fff-ffff00000101"}[39m
[35m[HTTP][39m [37m<-- POST /wd/hub/session/1caa06d7-7052-4d27-8f10-b0a390615e0d/element/00000000-0000-0045-7fff-ffff00000101/click [39m[32m200[39m [90m19 ms - 14[39m
[35m[HTTP][39m [90m[39m
[35m[HTTP][39m [37m-->[39m [37mDELETE[39m [37m/wd/hub/session/1caa06d7-7052-4d27-8f10-b0a390615e0d[39m
[35m[HTTP][39m [90m{}[39m
[35m[Appium][39m Removing session 1caa06d7-7052-4d27-8f10-b0a390615e0d from our master session list
[35m[ADB][39m com.wahidari.pendaki was successfully uninstalled
[35m[HTTP][39m [37m<-- DELETE /wd/hub/session/1caa06d7-7052-4d27-8f10-b0a390615e0d [39m[32m200[39m [90m1433 ms - 14[39m
[35m[HTTP][39m [90m[39m
